<?xml version="1.0" encoding="UTF-8"?>
<testng-results ignored="3" total="4" passed="1" failed="0" skipped="0">
  <reporter-output>
  </reporter-output>
  <suite started-at="2022-12-01T16:28:01 IST" name="Default suite" finished-at="2022-12-01T16:28:11 IST" duration-ms="9524">
    <groups>
    </groups>
    <test started-at="2022-12-01T16:28:01 IST" name="Default test" finished-at="2022-12-01T16:28:11 IST" duration-ms="9524">
      <class name="Test.TestCases">
        <test-method is-config="true" signature="BrowserInitialisation(java.lang.String)[pri:0, instance:Test.TestCases@5149d738]" started-at="2022-12-01T16:27:59 IST" name="BrowserInitialisation" finished-at="2022-12-01T16:28:01 IST" duration-ms="1807" status="PASS">
          <params>
            <param index="0">
              <value>
                <![CDATA[chrome]]>
              </value>
            </param>
          </params>
          <reporter-output>
          </reporter-output>
        </test-method> <!-- BrowserInitialisation -->
        <test-method is-config="true" signature="GetUrl()[pri:0, instance:Test.TestCases@5149d738]" started-at="2022-12-01T16:28:01 IST" name="GetUrl" finished-at="2022-12-01T16:28:05 IST" duration-ms="3440" status="PASS">
          <reporter-output>
          </reporter-output>
        </test-method> <!-- GetUrl -->
        <test-method signature="HomePageTest()[pri:0, instance:Test.TestCases@5149d738]" started-at="2022-12-01T16:28:05 IST" name="HomePageTest" finished-at="2022-12-01T16:28:11 IST" duration-ms="6055" status="PASS">
          <reporter-output>
          </reporter-output>
        </test-method> <!-- HomePageTest -->
        <test-method is-config="true" signature="teardown()[pri:0, instance:Test.TestCases@5149d738]" started-at="2022-12-01T16:28:11 IST" name="teardown" finished-at="2022-12-01T16:28:11 IST" duration-ms="474" status="PASS">
          <reporter-output>
          </reporter-output>
        </test-method> <!-- teardown -->
      </class> <!-- Test.TestCases -->
    </test> <!-- Default test -->
  </suite> <!-- Default suite -->
</testng-results>
