<?xml version="1.0" encoding="UTF-8"?>
<!-- Generated by org.testng.reporters.JUnitXMLReporter -->
<testsuite ignored="3" hostname="DESKTOP-O8NFI4N" failures="0" tests="1" name="Default test" time="9.524" errors="0" timestamp="2022-12-01T16:28:11 IST">
  <testcase classname="Test.TestCases" name="HomePageTest" time="6.055"/>
  <testcase classname="Base.PageBase" name="@BeforeTest GetUrl" time="0.0">
    <ignored/>
  </testcase> <!-- @BeforeTest GetUrl -->
  <testcase classname="Base.PageBase" name="@BeforeSuite BrowserInitialisation" time="0.0">
    <ignored/>
  </testcase> <!-- @BeforeSuite BrowserInitialisation -->
  <testcase classname="Base.PageBase" name="@AfterSuite teardown" time="0.0">
    <ignored/>
  </testcase> <!-- @AfterSuite teardown -->
</testsuite> <!-- Default test -->
